0 info it worked if it ends with ok
1 verbose cli [ '/usr/local/bin/node', '/usr/local/bin/npm', 'run', 'test' ]
2 info using npm@3.10.3
3 info using node@v6.3.1
4 verbose run-script [ 'pretest', 'test', 'posttest' ]
5 info lifecycle adventure-bot@0.0.0~pretest: adventure-bot@0.0.0
6 silly lifecycle adventure-bot@0.0.0~pretest: no script for pretest, continuing
7 info lifecycle adventure-bot@0.0.0~test: adventure-bot@0.0.0
8 verbose lifecycle adventure-bot@0.0.0~test: unsafe-perm in lifecycle true
9 verbose lifecycle adventure-bot@0.0.0~test: PATH: /usr/local/lib/node_modules/npm/bin/node-gyp-bin:/Users/PeterBlood/GitHub/AdventureBot/node_modules/.bin:/usr/local/bin:/usr/local/bin:/usr/bin:/bin:/usr/sbin:/sbin:/opt/X11/bin:.:/Users/PeterBlood/.scripts:/Users/PeterBlood/npm/bin:/Users/PeterBlood/Files/Code/Java/apache-maven-3.3.1/bin:/Users/PeterBlood/.scripts/homebrew/bin:/Library/Frameworks/Python.framework/Versions/3.5/bin:/Users/PeterBlood/.scripts/scala-2.11.8/bin:/Users/PeterBlood/.scripts/rhc/bin
10 verbose lifecycle adventure-bot@0.0.0~test: CWD: /Users/PeterBlood/GitHub/AdventureBot
11 silly lifecycle adventure-bot@0.0.0~test: Args: [ '-c', 'gulp' ]
12 silly lifecycle adventure-bot@0.0.0~test: Returned: code: 1  signal: null
13 info lifecycle adventure-bot@0.0.0~test: Failed to exec test script
14 verbose stack Error: adventure-bot@0.0.0 test: `gulp`
14 verbose stack Exit status 1
14 verbose stack     at EventEmitter.<anonymous> (/usr/local/lib/node_modules/npm/lib/utils/lifecycle.js:242:16)
14 verbose stack     at emitTwo (events.js:106:13)
14 verbose stack     at EventEmitter.emit (events.js:191:7)
14 verbose stack     at ChildProcess.<anonymous> (/usr/local/lib/node_modules/npm/lib/utils/spawn.js:40:14)
14 verbose stack     at emitTwo (events.js:106:13)
14 verbose stack     at ChildProcess.emit (events.js:191:7)
14 verbose stack     at maybeClose (internal/child_process.js:852:16)
14 verbose stack     at Process.ChildProcess._handle.onexit (internal/child_process.js:215:5)
15 verbose pkgid adventure-bot@0.0.0
16 verbose cwd /Users/PeterBlood/GitHub/AdventureBot
17 error Darwin 16.1.0
18 error argv "/usr/local/bin/node" "/usr/local/bin/npm" "run" "test"
19 error node v6.3.1
20 error npm  v3.10.3
21 error code ELIFECYCLE
22 error adventure-bot@0.0.0 test: `gulp`
22 error Exit status 1
23 error Failed at the adventure-bot@0.0.0 test script 'gulp'.
23 error Make sure you have the latest version of node.js and npm installed.
23 error If you do, this is most likely a problem with the adventure-bot package,
23 error not with npm itself.
23 error Tell the author that this fails on your system:
23 error     gulp
23 error You can get information on how to open an issue for this project with:
23 error     npm bugs adventure-bot
23 error Or if that isn't available, you can get their info via:
23 error     npm owner ls adventure-bot
23 error There is likely additional logging output above.
24 verbose exit [ 1, true ]
